<?xml version="1.0" encoding="UTF-8"?>
<!-- Generated by org.testng.reporters.JUnitXMLReporter -->
<testsuite hostname="SSundreshs-macbook-pro.local" ignored="0" name="Test Task" tests="6" failures="2" timestamp="14 Jun 2018 01:00:11 GMT" time="14.722" errors="0">
  <testcase name="addExistingCustomer" time="1.411" classname="com.test.task.QETestTask.AddCustomerTest"/>
  <testcase name="addNewCustomer" time="0.86" classname="com.test.task.QETestTask.AddCustomerTest">
    <failure type="java.lang.AssertionError" message="Customer details added to the database successfully expected [true] but found [false]">
      <![CDATA[java.lang.AssertionError: Customer details added to the database successfully expected [true] but found [false]
	at com.test.task.QETestTask.AddCustomer.verifyCustomerAdded(AddCustomer.java:32)
	at com.test.task.QETestTask.AddCustomerTest.addNewCustomer(AddCustomerTest.java:15)
... Removed 28 stack frames]]>
    </failure>
  </testcase> <!-- addNewCustomer -->
  <testcase name="updateExistingCustomer" time="0.783" classname="com.test.task.QETestTask.UpdateCustomerTest"/>
  <testcase name="updateNonExistingCustomer" time="0.9" classname="com.test.task.QETestTask.UpdateCustomerTest"/>
  <testcase name="removeExistingCustomer" time="1.407" classname="com.test.task.QETestTask.RemoveCustomerTest"/>
  <testcase name="removeNonExistingCustomer" time="0.711" classname="com.test.task.QETestTask.RemoveCustomerTest">
    <failure type="java.lang.AssertionError" message="Customer details were not removed since the customer does not exist expected [true] but found [false]">
      <![CDATA[java.lang.AssertionError: Customer details were not removed since the customer does not exist expected [true] but found [false]
	at com.test.task.QETestTask.RemoveCustomer.verifyNonExistingCustomerRemoved(RemoveCustomer.java:31)
	at com.test.task.QETestTask.RemoveCustomerTest.removeNonExistingCustomer(RemoveCustomerTest.java:27)
... Removed 28 stack frames]]>
    </failure>
  </testcase> <!-- removeNonExistingCustomer -->
</testsuite> <!-- Test Task -->
